⚠ Important: Beginning January 24th, 2023, application dependencies in container
images will be scanned by default when using the snyk container test/monitor
commands. If you are using Snyk in a CI pipeline, action may be required. Read
https://snyk.io/blog/securing-container-applications-using-the-snyk-cli/ for
more info.

Testing aerospike/aerospike-server-enterprise-amd64:5.7.0.27...

✗ Low severity vulnerability found in util-linux/libuuid1
  Description: Integer Overflow or Wraparound
  Info: https://security.snyk.io/vuln/SNYK-DEBIAN10-UTILLINUX-1534833
  Introduced through: e2fsprogs@1.44.5-1+deb10u3, util-linux/mount@2.33.1-0.1, util-linux/fdisk@2.33.1-0.1, python3-defaults/python3@3.7.3-1, util-linux/libblkid1@2.33.1-0.1, util-linux@2.33.1-0.1, sysvinit/sysvinit-utils@2.93-8, util-linux/bsdutils@1:2.33.1-0.1, util-linux/libfdisk1@2.33.1-0.1, util-linux/libmount1@2.33.1-0.1, util-linux/libsmartcols1@2.33.1-0.1
  From: e2fsprogs@1.44.5-1+deb10u3 > util-linux/libuuid1@2.33.1-0.1
  From: e2fsprogs@1.44.5-1+deb10u3 > util-linux/libblkid1@2.33.1-0.1 > util-linux/libuuid1@2.33.1-0.1
  From: util-linux/mount@2.33.1-0.1 > util-linux@2.33.1-0.1 > util-linux/libuuid1@2.33.1-0.1
  and 25 more...
  Image layer: 'apt-get install -y --no-install-recommends binutils ca-certificates curl xz-utils'

✗ Low severity vulnerability found in util-linux/libuuid1
  Description: Information Exposure
  Info: https://security.snyk.io/vuln/SNYK-DEBIAN10-UTILLINUX-2401082
  Introduced through: e2fsprogs@1.44.5-1+deb10u3, util-linux/mount@2.33.1-0.1, util-linux/fdisk@2.33.1-0.1, python3-defaults/python3@3.7.3-1, util-linux/libblkid1@2.33.1-0.1, util-linux@2.33.1-0.1, sysvinit/sysvinit-utils@2.93-8, util-linux/bsdutils@1:2.33.1-0.1, util-linux/libfdisk1@2.33.1-0.1, util-linux/libmount1@2.33.1-0.1, util-linux/libsmartcols1@2.33.1-0.1
  From: e2fsprogs@1.44.5-1+deb10u3 > util-linux/libuuid1@2.33.1-0.1
  From: e2fsprogs@1.44.5-1+deb10u3 > util-linux/libblkid1@2.33.1-0.1 > util-linux/libuuid1@2.33.1-0.1
  From: util-linux/mount@2.33.1-0.1 > util-linux@2.33.1-0.1 > util-linux/libuuid1@2.33.1-0.1
  and 25 more...
  Image layer: 'apt-get install -y --no-install-recommends binutils ca-certificates curl xz-utils'

✗ Low severity vulnerability found in tar
  Description: Out-of-bounds Read
  Info: https://security.snyk.io/vuln/SNYK-DEBIAN10-TAR-1063001
  Introduced through: meta-common-packages@meta
  From: meta-common-packages@meta > tar@1.30+dfsg-6
  Image layer: Introduced by your base image (debian:buster-slim)

✗ Low severity vulnerability found in tar
  Description: CVE-2005-2541
  Info: https://security.snyk.io/vuln/SNYK-DEBIAN10-TAR-312331
  Introduced through: meta-common-packages@meta
  From: meta-common-packages@meta > tar@1.30+dfsg-6
  Image layer: Introduced by your base image (debian:buster-slim)

✗ Low severity vulnerability found in tar
  Description: CVE-2022-48303
  Info: https://security.snyk.io/vuln/SNYK-DEBIAN10-TAR-3253529
  Introduced through: meta-common-packages@meta
  From: meta-common-packages@meta > tar@1.30+dfsg-6
  Image layer: Introduced by your base image (debian:buster-slim)

✗ Low severity vulnerability found in tar
  Description: NULL Pointer Dereference
  Info: https://security.snyk.io/vuln/SNYK-DEBIAN10-TAR-341203
  Introduced through: meta-common-packages@meta
  From: meta-common-packages@meta > tar@1.30+dfsg-6
  Image layer: Introduced by your base image (debian:buster-slim)

✗ Low severity vulnerability found in systemd/libsystemd0
  Description: Authentication Bypass
  Info: https://security.snyk.io/vuln/SNYK-DEBIAN10-SYSTEMD-1291056
  Introduced through: util-linux/bsdutils@1:2.33.1-0.1, apt@1.8.2.3, util-linux/mount@2.33.1-0.1, procps@2:3.3.15-2, systemd/libudev1@241-7~deb10u8
  From: util-linux/bsdutils@1:2.33.1-0.1 > systemd/libsystemd0@241-7~deb10u8
  From: apt@1.8.2.3 > apt/libapt-pkg5.0@1.8.2.3 > systemd/libsystemd0@241-7~deb10u8
  From: util-linux/mount@2.33.1-0.1 > util-linux@2.33.1-0.1 > systemd/libsystemd0@241-7~deb10u8
  and 4 more...
  Image layer: 'apt-get install -y --no-install-recommends binutils ca-certificates curl xz-utils'

✗ Low severity vulnerability found in systemd/libsystemd0
  Description: Uncontrolled Recursion
  Info: https://security.snyk.io/vuln/SNYK-DEBIAN10-SYSTEMD-2332026
  Introduced through: util-linux/bsdutils@1:2.33.1-0.1, apt@1.8.2.3, util-linux/mount@2.33.1-0.1, procps@2:3.3.15-2, systemd/libudev1@241-7~deb10u8
  From: util-linux/bsdutils@1:2.33.1-0.1 > systemd/libsystemd0@241-7~deb10u8
  From: apt@1.8.2.3 > apt/libapt-pkg5.0@1.8.2.3 > systemd/libsystemd0@241-7~deb10u8
  From: util-linux/mount@2.33.1-0.1 > util-linux@2.33.1-0.1 > systemd/libsystemd0@241-7~deb10u8
  and 4 more...
  Image layer: 'apt-get install -y --no-install-recommends binutils ca-certificates curl xz-utils'

✗ Low severity vulnerability found in systemd/libsystemd0
  Description: Link Following
  Info: https://security.snyk.io/vuln/SNYK-DEBIAN10-SYSTEMD-305144
  Introduced through: util-linux/bsdutils@1:2.33.1-0.1, apt@1.8.2.3, util-linux/mount@2.33.1-0.1, procps@2:3.3.15-2, systemd/libudev1@241-7~deb10u8
  From: util-linux/bsdutils@1:2.33.1-0.1 > systemd/libsystemd0@241-7~deb10u8
  From: apt@1.8.2.3 > apt/libapt-pkg5.0@1.8.2.3 > systemd/libsystemd0@241-7~deb10u8
  From: util-linux/mount@2.33.1-0.1 > util-linux@2.33.1-0.1 > systemd/libsystemd0@241-7~deb10u8
  and 4 more...
  Image layer: 'apt-get install -y --no-install-recommends binutils ca-certificates curl xz-utils'

✗ Low severity vulnerability found in systemd/libsystemd0
  Description: Off-by-one Error
  Info: https://security.snyk.io/vuln/SNYK-DEBIAN10-SYSTEMD-3111121
  Introduced through: util-linux/bsdutils@1:2.33.1-0.1, apt@1.8.2.3, util-linux/mount@2.33.1-0.1, procps@2:3.3.15-2, systemd/libudev1@241-7~deb10u8
  From: util-linux/bsdutils@1:2.33.1-0.1 > systemd/libsystemd0@241-7~deb10u8
  From: apt@1.8.2.3 > apt/libapt-pkg5.0@1.8.2.3 > systemd/libsystemd0@241-7~deb10u8
  From: util-linux/mount@2.33.1-0.1 > util-linux@2.33.1-0.1 > systemd/libsystemd0@241-7~deb10u8
  and 4 more...
  Image layer: 'apt-get install -y --no-install-recommends binutils ca-certificates curl xz-utils'

✗ Low severity vulnerability found in systemd/libsystemd0
  Description: Privilege Chaining
  Info: https://security.snyk.io/vuln/SNYK-DEBIAN10-SYSTEMD-345386
  Introduced through: util-linux/bsdutils@1:2.33.1-0.1, apt@1.8.2.3, util-linux/mount@2.33.1-0.1, procps@2:3.3.15-2, systemd/libudev1@241-7~deb10u8
  From: util-linux/bsdutils@1:2.33.1-0.1 > systemd/libsystemd0@241-7~deb10u8
  From: apt@1.8.2.3 > apt/libapt-pkg5.0@1.8.2.3 > systemd/libsystemd0@241-7~deb10u8
  From: util-linux/mount@2.33.1-0.1 > util-linux@2.33.1-0.1 > systemd/libsystemd0@241-7~deb10u8
  and 4 more...
  Image layer: 'apt-get install -y --no-install-recommends binutils ca-certificates curl xz-utils'

✗ Low severity vulnerability found in systemd/libsystemd0
  Description: Incorrect Privilege Assignment
  Info: https://security.snyk.io/vuln/SNYK-DEBIAN10-SYSTEMD-345391
  Introduced through: util-linux/bsdutils@1:2.33.1-0.1, apt@1.8.2.3, util-linux/mount@2.33.1-0.1, procps@2:3.3.15-2, systemd/libudev1@241-7~deb10u8
  From: util-linux/bsdutils@1:2.33.1-0.1 > systemd/libsystemd0@241-7~deb10u8
  From: apt@1.8.2.3 > apt/libapt-pkg5.0@1.8.2.3 > systemd/libsystemd0@241-7~deb10u8
  From: util-linux/mount@2.33.1-0.1 > util-linux@2.33.1-0.1 > systemd/libsystemd0@241-7~deb10u8
  and 4 more...
  Image layer: 'apt-get install -y --no-install-recommends binutils ca-certificates curl xz-utils'

✗ Low severity vulnerability found in systemd/libsystemd0
  Description: Missing Release of Resource after Effective Lifetime
  Info: https://security.snyk.io/vuln/SNYK-DEBIAN10-SYSTEMD-542807
  Introduced through: util-linux/bsdutils@1:2.33.1-0.1, apt@1.8.2.3, util-linux/mount@2.33.1-0.1, procps@2:3.3.15-2, systemd/libudev1@241-7~deb10u8
  From: util-linux/bsdutils@1:2.33.1-0.1 > systemd/libsystemd0@241-7~deb10u8
  From: apt@1.8.2.3 > apt/libapt-pkg5.0@1.8.2.3 > systemd/libsystemd0@241-7~deb10u8
  From: util-linux/mount@2.33.1-0.1 > util-linux@2.33.1-0.1 > systemd/libsystemd0@241-7~deb10u8
  and 4 more...
  Image layer: 'apt-get install -y --no-install-recommends binutils ca-certificates curl xz-utils'

✗ Low severity vulnerability found in sqlite3/libsqlite3-0
  Description: Out-of-bounds Read
  Info: https://security.snyk.io/vuln/SNYK-DEBIAN10-SQLITE3-1569415
  Introduced through: python3-defaults/python3@3.7.3-1
  From: python3-defaults/python3@3.7.3-1 > python3.7@3.7.3-2+deb10u4 > python3.7/libpython3.7-stdlib@3.7.3-2+deb10u4 > sqlite3/libsqlite3-0@3.27.2-3+deb10u2
  Image layer: Introduced by your base image (debian:buster-slim)

✗ Low severity vulnerability found in sqlite3/libsqlite3-0
  Description: Memory Leak
  Info: https://security.snyk.io/vuln/SNYK-DEBIAN10-SQLITE3-2407046
  Introduced through: python3-defaults/python3@3.7.3-1
  From: python3-defaults/python3@3.7.3-1 > python3.7@3.7.3-2+deb10u4 > python3.7/libpython3.7-stdlib@3.7.3-2+deb10u4 > sqlite3/libsqlite3-0@3.27.2-3+deb10u2
  Image layer: Introduced by your base image (debian:buster-slim)

✗ Low severity vulnerability found in sqlite3/libsqlite3-0
  Description: Improper Validation of Array Index
  Info: https://security.snyk.io/vuln/SNYK-DEBIAN10-SQLITE3-2959398
  Introduced through: python3-defaults/python3@3.7.3-1
  From: python3-defaults/python3@3.7.3-1 > python3.7@3.7.3-2+deb10u4 > python3.7/libpython3.7-stdlib@3.7.3-2+deb10u4 > sqlite3/libsqlite3-0@3.27.2-3+deb10u2
  Image layer: Introduced by your base image (debian:buster-slim)

✗ Low severity vulnerability found in sqlite3/libsqlite3-0
  Description: CVE-2019-19244
  Info: https://security.snyk.io/vuln/SNYK-DEBIAN10-SQLITE3-535712
  Introduced through: python3-defaults/python3@3.7.3-1
  From: python3-defaults/python3@3.7.3-1 > python3.7@3.7.3-2+deb10u4 > python3.7/libpython3.7-stdlib@3.7.3-2+deb10u4 > sqlite3/libsqlite3-0@3.27.2-3+deb10u2
  Image layer: Introduced by your base image (debian:buster-slim)

✗ Low severity vulnerability found in sqlite3/libsqlite3-0
  Description: Uncontrolled Recursion
  Info: https://security.snyk.io/vuln/SNYK-DEBIAN10-SQLITE3-537251
  Introduced through: python3-defaults/python3@3.7.3-1
  From: python3-defaults/python3@3.7.3-1 > python3.7@3.7.3-2+deb10u4 > python3.7/libpython3.7-stdlib@3.7.3-2+deb10u4 > sqlite3/libsqlite3-0@3.27.2-3+deb10u2
  Image layer: Introduced by your base image (debian:buster-slim)

✗ Low severity vulnerability found in sqlite3/libsqlite3-0
  Description: CVE-2019-19603
  Info: https://security.snyk.io/vuln/SNYK-DEBIAN10-SQLITE3-537598
  Introduced through: python3-defaults/python3@3.7.3-1
  From: python3-defaults/python3@3.7.3-1 > python3.7@3.7.3-2+deb10u4 > python3.7/libpython3.7-stdlib@3.7.3-2+deb10u4 > sqlite3/libsqlite3-0@3.27.2-3+deb10u2
  Image layer: Introduced by your base image (debian:buster-slim)

✗ Low severity vulnerability found in sqlite3/libsqlite3-0
  Description: Improper Handling of Exceptional Conditions
  Info: https://security.snyk.io/vuln/SNYK-DEBIAN10-SQLITE3-539769
  Introduced through: python3-defaults/python3@3.7.3-1
  From: python3-defaults/python3@3.7.3-1 > python3.7@3.7.3-2+deb10u4 > python3.7/libpython3.7-stdlib@3.7.3-2+deb10u4 > sqlite3/libsqlite3-0@3.27.2-3+deb10u2
  Image layer: Introduced by your base image (debian:buster-slim)

✗ Low severity vulnerability found in sqlite3/libsqlite3-0
  Description: Use After Free
  Info: https://security.snyk.io/vuln/SNYK-DEBIAN10-SQLITE3-565214
  Introduced through: python3-defaults/python3@3.7.3-1
  From: python3-defaults/python3@3.7.3-1 > python3.7@3.7.3-2+deb10u4 > python3.7/libpython3.7-stdlib@3.7.3-2+deb10u4 > sqlite3/libsqlite3-0@3.27.2-3+deb10u2
  Image layer: Introduced by your base image (debian:buster-slim)

✗ Low severity vulnerability found in sqlite3/libsqlite3-0
  Description: CVE-2020-13631
  Info: https://security.snyk.io/vuln/SNYK-DEBIAN10-SQLITE3-570487
  Introduced through: python3-defaults/python3@3.7.3-1
  From: python3-defaults/python3@3.7.3-1 > python3.7@3.7.3-2+deb10u4 > python3.7/libpython3.7-stdlib@3.7.3-2+deb10u4 > sqlite3/libsqlite3-0@3.27.2-3+deb10u2
  Image layer: Introduced by your base image (debian:buster-slim)

✗ Low severity vulnerability found in shadow/passwd
  Description: Time-of-check Time-of-use (TOCTOU)
  Info: https://security.snyk.io/vuln/SNYK-DEBIAN10-SHADOW-306205
  Introduced through: shadow/passwd@1:4.5-1.1, adduser@3.118, shadow/login@1:4.5-1.1, util-linux/mount@2.33.1-0.1
  From: shadow/passwd@1:4.5-1.1
  From: adduser@3.118 > shadow/passwd@1:4.5-1.1
  From: shadow/login@1:4.5-1.1
  and 1 more...
  Image layer: 'apt-get install -y --no-install-recommends binutils ca-certificates curl xz-utils'

✗ Low severity vulnerability found in shadow/passwd
  Description: Incorrect Permission Assignment for Critical Resource
  Info: https://security.snyk.io/vuln/SNYK-DEBIAN10-SHADOW-306230
  Introduced through: shadow/passwd@1:4.5-1.1, adduser@3.118, shadow/login@1:4.5-1.1, util-linux/mount@2.33.1-0.1
  From: shadow/passwd@1:4.5-1.1
  From: adduser@3.118 > shadow/passwd@1:4.5-1.1
  From: shadow/login@1:4.5-1.1
  and 1 more...
  Image layer: 'apt-get install -y --no-install-recommends binutils ca-certificates curl xz-utils'

✗ Low severity vulnerability found in shadow/passwd
  Description: Access Restriction Bypass
  Info: https://security.snyk.io/vuln/SNYK-DEBIAN10-SHADOW-306250
  Introduced through: shadow/passwd@1:4.5-1.1, adduser@3.118, shadow/login@1:4.5-1.1, util-linux/mount@2.33.1-0.1
  From: shadow/passwd@1:4.5-1.1
  From: adduser@3.118 > shadow/passwd@1:4.5-1.1
  From: shadow/login@1:4.5-1.1
  and 1 more...
  Image layer: 'apt-get install -y --no-install-recommends binutils ca-certificates curl xz-utils'

✗ Low severity vulnerability found in shadow/passwd
  Description: CVE-2023-0634
  Info: https://security.snyk.io/vuln/SNYK-DEBIAN10-SHADOW-3310899
  Introduced through: shadow/passwd@1:4.5-1.1, adduser@3.118, shadow/login@1:4.5-1.1, util-linux/mount@2.33.1-0.1
  From: shadow/passwd@1:4.5-1.1
  From: adduser@3.118 > shadow/passwd@1:4.5-1.1
  From: shadow/login@1:4.5-1.1
  and 1 more...
  Image layer: 'apt-get install -y --no-install-recommends binutils ca-certificates curl xz-utils'

✗ Low severity vulnerability found in shadow/passwd
  Description: Incorrect Permission Assignment for Critical Resource
  Info: https://security.snyk.io/vuln/SNYK-DEBIAN10-SHADOW-539852
  Introduced through: shadow/passwd@1:4.5-1.1, adduser@3.118, shadow/login@1:4.5-1.1, util-linux/mount@2.33.1-0.1
  From: shadow/passwd@1:4.5-1.1
  From: adduser@3.118 > shadow/passwd@1:4.5-1.1
  From: shadow/login@1:4.5-1.1
  and 1 more...
  Image layer: 'apt-get install -y --no-install-recommends binutils ca-certificates curl xz-utils'

✗ Low severity vulnerability found in python3.7/libpython3.7-stdlib
  Description: CVE-2020-27619
  Info: https://security.snyk.io/vuln/SNYK-DEBIAN10-PYTHON37-1021148
  Introduced through: python3-defaults/python3@3.7.3-1
  From: python3-defaults/python3@3.7.3-1 > python3-defaults/libpython3-stdlib@3.7.3-1 > python3.7/libpython3.7-stdlib@3.7.3-2+deb10u4
  From: python3-defaults/python3@3.7.3-1 > python3.7@3.7.3-2+deb10u4 > python3.7/libpython3.7-stdlib@3.7.3-2+deb10u4
  From: python3-defaults/python3@3.7.3-1 > python3-defaults/python3-minimal@3.7.3-1 > python3.7/python3.7-minimal@3.7.3-2+deb10u4
  and 4 more...
  Image layer: Introduced by your base image (debian:buster-slim)

✗ Low severity vulnerability found in python3.7/libpython3.7-stdlib
  Description: Information Exposure
  Info: https://security.snyk.io/vuln/SNYK-DEBIAN10-PYTHON37-1085111
  Introduced through: python3-defaults/python3@3.7.3-1
  From: python3-defaults/python3@3.7.3-1 > python3-defaults/libpython3-stdlib@3.7.3-1 > python3.7/libpython3.7-stdlib@3.7.3-2+deb10u4
  From: python3-defaults/python3@3.7.3-1 > python3.7@3.7.3-2+deb10u4 > python3.7/libpython3.7-stdlib@3.7.3-2+deb10u4
  From: python3-defaults/python3@3.7.3-1 > python3-defaults/python3-minimal@3.7.3-1 > python3.7/python3.7-minimal@3.7.3-2+deb10u4
  and 4 more...
  Image layer: Introduced by your base image (debian:buster-slim)

✗ Low severity vulnerability found in python3.7/libpython3.7-stdlib
  Description: Resource Exhaustion
  Info: https://security.snyk.io/vuln/SNYK-DEBIAN10-PYTHON37-1570178
  Introduced through: python3-defaults/python3@3.7.3-1
  From: python3-defaults/python3@3.7.3-1 > python3-defaults/libpython3-stdlib@3.7.3-1 > python3.7/libpython3.7-stdlib@3.7.3-2+deb10u4
  From: python3-defaults/python3@3.7.3-1 > python3.7@3.7.3-2+deb10u4 > python3.7/libpython3.7-stdlib@3.7.3-2+deb10u4
  From: python3-defaults/python3@3.7.3-1 > python3-defaults/python3-minimal@3.7.3-1 > python3.7/python3.7-minimal@3.7.3-2+deb10u4
  and 4 more...
  Image layer: Introduced by your base image (debian:buster-slim)

✗ Low severity vulnerability found in python3.7/libpython3.7-stdlib
  Description: Resource Exhaustion
  Info: https://security.snyk.io/vuln/SNYK-DEBIAN10-PYTHON37-1579740
  Introduced through: python3-defaults/python3@3.7.3-1
  From: python3-defaults/python3@3.7.3-1 > python3-defaults/libpython3-stdlib@3.7.3-1 > python3.7/libpython3.7-stdlib@3.7.3-2+deb10u4
  From: python3-defaults/python3@3.7.3-1 > python3.7@3.7.3-2+deb10u4 > python3.7/libpython3.7-stdlib@3.7.3-2+deb10u4
  From: python3-defaults/python3@3.7.3-1 > python3-defaults/python3-minimal@3.7.3-1 > python3.7/python3.7-minimal@3.7.3-2+deb10u4
  and 4 more...
  Image layer: Introduced by your base image (debian:buster-slim)

✗ Low severity vulnerability found in python3.7/libpython3.7-stdlib
  Description: Unchecked Return Value
  Info: https://security.snyk.io/vuln/SNYK-DEBIAN10-PYTHON37-2329041
  Introduced through: python3-defaults/python3@3.7.3-1
  From: python3-defaults/python3@3.7.3-1 > python3-defaults/libpython3-stdlib@3.7.3-1 > python3.7/libpython3.7-stdlib@3.7.3-2+deb10u4
  From: python3-defaults/python3@3.7.3-1 > python3.7@3.7.3-2+deb10u4 > python3.7/libpython3.7-stdlib@3.7.3-2+deb10u4
  From: python3-defaults/python3@3.7.3-1 > python3-defaults/python3-minimal@3.7.3-1 > python3.7/python3.7-minimal@3.7.3-2+deb10u4
  and 4 more...
  Image layer: Introduced by your base image (debian:buster-slim)

✗ Low severity vulnerability found in python3.7/libpython3.7-stdlib
  Description: Arbitrary Code Injection
  Info: https://security.snyk.io/vuln/SNYK-DEBIAN10-PYTHON37-2394829
  Introduced through: python3-defaults/python3@3.7.3-1
  From: python3-defaults/python3@3.7.3-1 > python3-defaults/libpython3-stdlib@3.7.3-1 > python3.7/libpython3.7-stdlib@3.7.3-2+deb10u4
  From: python3-defaults/python3@3.7.3-1 > python3.7@3.7.3-2+deb10u4 > python3.7/libpython3.7-stdlib@3.7.3-2+deb10u4
  From: python3-defaults/python3@3.7.3-1 > python3-defaults/python3-minimal@3.7.3-1 > python3.7/python3.7-minimal@3.7.3-2+deb10u4
  and 4 more...
  Image layer: Introduced by your base image (debian:buster-slim)

✗ Low severity vulnerability found in python3.7/libpython3.7-stdlib
  Description: Arbitrary Command Injection
  Info: https://security.snyk.io/vuln/SNYK-DEBIAN10-PYTHON37-2764966
  Introduced through: python3-defaults/python3@3.7.3-1
  From: python3-defaults/python3@3.7.3-1 > python3-defaults/libpython3-stdlib@3.7.3-1 > python3.7/libpython3.7-stdlib@3.7.3-2+deb10u4
  From: python3-defaults/python3@3.7.3-1 > python3.7@3.7.3-2+deb10u4 > python3.7/libpython3.7-stdlib@3.7.3-2+deb10u4
  From: python3-defaults/python3@3.7.3-1 > python3-defaults/python3-minimal@3.7.3-1 > python3.7/python3.7-minimal@3.7.3-2+deb10u4
  and 4 more...
  Image layer: Introduced by your base image (debian:buster-slim)

✗ Low severity vulnerability found in python3.7/libpython3.7-stdlib
  Description: Arbitrary Code Injection
  Info: https://security.snyk.io/vuln/SNYK-DEBIAN10-PYTHON37-279198
  Introduced through: python3-defaults/python3@3.7.3-1
  From: python3-defaults/python3@3.7.3-1 > python3-defaults/libpython3-stdlib@3.7.3-1 > python3.7/libpython3.7-stdlib@3.7.3-2+deb10u4
  From: python3-defaults/python3@3.7.3-1 > python3.7@3.7.3-2+deb10u4 > python3.7/libpython3.7-stdlib@3.7.3-2+deb10u4
  From: python3-defaults/python3@3.7.3-1 > python3-defaults/python3-minimal@3.7.3-1 > python3.7/python3.7-minimal@3.7.3-2+deb10u4
  and 4 more...
  Image layer: Introduced by your base image (debian:buster-slim)

✗ Low severity vulnerability found in python3.7/libpython3.7-stdlib
  Description: Incorrect Type Conversion or Cast
  Info: https://security.snyk.io/vuln/SNYK-DEBIAN10-PYTHON37-3017604
  Introduced through: python3-defaults/python3@3.7.3-1
  From: python3-defaults/python3@3.7.3-1 > python3-defaults/libpython3-stdlib@3.7.3-1 > python3.7/libpython3.7-stdlib@3.7.3-2+deb10u4
  From: python3-defaults/python3@3.7.3-1 > python3.7@3.7.3-2+deb10u4 > python3.7/libpython3.7-stdlib@3.7.3-2+deb10u4
  From: python3-defaults/python3@3.7.3-1 > python3-defaults/python3-minimal@3.7.3-1 > python3.7/python3.7-minimal@3.7.3-2+deb10u4
  and 4 more...
  Image layer: Introduced by your base image (debian:buster-slim)

✗ Low severity vulnerability found in python3.7/libpython3.7-stdlib
  Description: Open Redirect
  Info: https://security.snyk.io/vuln/SNYK-DEBIAN10-PYTHON37-3032980
  Introduced through: python3-defaults/python3@3.7.3-1
  From: python3-defaults/python3@3.7.3-1 > python3-defaults/libpython3-stdlib@3.7.3-1 > python3.7/libpython3.7-stdlib@3.7.3-2+deb10u4
  From: python3-defaults/python3@3.7.3-1 > python3.7@3.7.3-2+deb10u4 > python3.7/libpython3.7-stdlib@3.7.3-2+deb10u4
  From: python3-defaults/python3@3.7.3-1 > python3-defaults/python3-minimal@3.7.3-1 > python3.7/python3.7-minimal@3.7.3-2+deb10u4
  and 4 more...
  Image layer: Introduced by your base image (debian:buster-slim)

✗ Low severity vulnerability found in python3.7/libpython3.7-stdlib
  Description: Resource Exhaustion
  Info: https://security.snyk.io/vuln/SNYK-DEBIAN10-PYTHON37-3111114
  Introduced through: python3-defaults/python3@3.7.3-1
  From: python3-defaults/python3@3.7.3-1 > python3-defaults/libpython3-stdlib@3.7.3-1 > python3.7/libpython3.7-stdlib@3.7.3-2+deb10u4
  From: python3-defaults/python3@3.7.3-1 > python3.7@3.7.3-2+deb10u4 > python3.7/libpython3.7-stdlib@3.7.3-2+deb10u4
  From: python3-defaults/python3@3.7.3-1 > python3-defaults/python3-minimal@3.7.3-1 > python3.7/python3.7-minimal@3.7.3-2+deb10u4
  and 4 more...
  Image layer: Introduced by your base image (debian:buster-slim)

✗ Low severity vulnerability found in python3.7/libpython3.7-stdlib
  Description: Arbitrary Code Injection
  Info: https://security.snyk.io/vuln/SNYK-DEBIAN10-PYTHON37-474392
  Introduced through: python3-defaults/python3@3.7.3-1
  From: python3-defaults/python3@3.7.3-1 > python3-defaults/libpython3-stdlib@3.7.3-1 > python3.7/libpython3.7-stdlib@3.7.3-2+deb10u4
  From: python3-defaults/python3@3.7.3-1 > python3.7@3.7.3-2+deb10u4 > python3.7/libpython3.7-stdlib@3.7.3-2+deb10u4
  From: python3-defaults/python3@3.7.3-1 > python3-defaults/python3-minimal@3.7.3-1 > python3.7/python3.7-minimal@3.7.3-2+deb10u4
  and 4 more...
  Image layer: Introduced by your base image (debian:buster-slim)

✗ Low severity vulnerability found in python3.7/libpython3.7-stdlib
  Description: Resource Exhaustion
  Info: https://security.snyk.io/vuln/SNYK-DEBIAN10-PYTHON37-546419
  Introduced through: python3-defaults/python3@3.7.3-1
  From: python3-defaults/python3@3.7.3-1 > python3-defaults/libpython3-stdlib@3.7.3-1 > python3.7/libpython3.7-stdlib@3.7.3-2+deb10u4
  From: python3-defaults/python3@3.7.3-1 > python3.7@3.7.3-2+deb10u4 > python3.7/libpython3.7-stdlib@3.7.3-2+deb10u4
  From: python3-defaults/python3@3.7.3-1 > python3-defaults/python3-minimal@3.7.3-1 > python3.7/python3.7-minimal@3.7.3-2+deb10u4
  and 4 more...
  Image layer: Introduced by your base image (debian:buster-slim)

✗ Low severity vulnerability found in perl/perl-base
  Description: Improper Verification of Cryptographic Signature
  Info: https://security.snyk.io/vuln/SNYK-DEBIAN10-PERL-1925980
  Introduced through: meta-common-packages@meta
  From: meta-common-packages@meta > perl/perl-base@5.28.1-6+deb10u1
  Image layer: Introduced by your base image (debian:buster-slim)

✗ Low severity vulnerability found in perl/perl-base
  Description: Link Following
  Info: https://security.snyk.io/vuln/SNYK-DEBIAN10-PERL-327793
  Introduced through: meta-common-packages@meta
  From: meta-common-packages@meta > perl/perl-base@5.28.1-6+deb10u1
  Image layer: Introduced by your base image (debian:buster-slim)

✗ Low severity vulnerability found in pcre3/libpcre3
  Description: Out-of-Bounds
  Info: https://security.snyk.io/vuln/SNYK-DEBIAN10-PCRE3-345321
  Introduced through: meta-common-packages@meta
  From: meta-common-packages@meta > pcre3/libpcre3@2:8.39-12
  Image layer: Introduced by your base image (debian:buster-slim)

✗ Low severity vulnerability found in pcre3/libpcre3
  Description: Out-of-Bounds
  Info: https://security.snyk.io/vuln/SNYK-DEBIAN10-PCRE3-345353
  Introduced through: meta-common-packages@meta
  From: meta-common-packages@meta > pcre3/libpcre3@2:8.39-12
  Image layer: Introduced by your base image (debian:buster-slim)

✗ Low severity vulnerability found in pcre3/libpcre3
  Description: Uncontrolled Recursion
  Info: https://security.snyk.io/vuln/SNYK-DEBIAN10-PCRE3-345502
  Introduced through: meta-common-packages@meta
  From: meta-common-packages@meta > pcre3/libpcre3@2:8.39-12
  Image layer: Introduced by your base image (debian:buster-slim)

✗ Low severity vulnerability found in pcre3/libpcre3
  Description: Out-of-Bounds
  Info: https://security.snyk.io/vuln/SNYK-DEBIAN10-PCRE3-345530
  Introduced through: meta-common-packages@meta
  From: meta-common-packages@meta > pcre3/libpcre3@2:8.39-12
  Image layer: Introduced by your base image (debian:buster-slim)

✗ Low severity vulnerability found in pcre3/libpcre3
  Description: Integer Overflow or Wraparound
  Info: https://security.snyk.io/vuln/SNYK-DEBIAN10-PCRE3-572367
  Introduced through: meta-common-packages@meta
  From: meta-common-packages@meta > pcre3/libpcre3@2:8.39-12
  Image layer: Introduced by your base image (debian:buster-slim)

✗ Low severity vulnerability found in pcre3/libpcre3
  Description: Out-of-bounds Read
  Info: https://security.snyk.io/vuln/SNYK-DEBIAN10-PCRE3-572368
  Introduced through: meta-common-packages@meta
  From: meta-common-packages@meta > pcre3/libpcre3@2:8.39-12
  Image layer: Introduced by your base image (debian:buster-slim)

✗ Low severity vulnerability found in openssl/libssl1.1
  Description: Inadequate Encryption Strength
  Info: https://security.snyk.io/vuln/SNYK-DEBIAN10-OPENSSL-2941248
  Introduced through: curl/libcurl4@7.64.0-4+deb10u4, openssl@1.1.1n-0+deb10u3, python3-defaults/python3@3.7.3-1
  From: curl/libcurl4@7.64.0-4+deb10u4 > openssl/libssl1.1@1.1.1n-0+deb10u3
  From: openssl@1.1.1n-0+deb10u3 > openssl/libssl1.1@1.1.1n-0+deb10u3
  From: curl/libcurl4@7.64.0-4+deb10u4 > krb5/libgssapi-krb5-2@1.17-3+deb10u5 > krb5/libkrb5-3@1.17-3+deb10u5 > openssl/libssl1.1@1.1.1n-0+deb10u3
  and 2 more...
  Image layer: 'apt-get install -y --no-install-recommends binutils ca-certificates curl xz-utils'

✗ Low severity vulnerability found in openssl/libssl1.1
  Description: CVE-2023-0286
  Info: https://security.snyk.io/vuln/SNYK-DEBIAN10-OPENSSL-3314585
  Introduced through: curl/libcurl4@7.64.0-4+deb10u4, openssl@1.1.1n-0+deb10u3, python3-defaults/python3@3.7.3-1
  From: curl/libcurl4@7.64.0-4+deb10u4 > openssl/libssl1.1@1.1.1n-0+deb10u3
  From: openssl@1.1.1n-0+deb10u3 > openssl/libssl1.1@1.1.1n-0+deb10u3
  From: curl/libcurl4@7.64.0-4+deb10u4 > krb5/libgssapi-krb5-2@1.17-3+deb10u5 > krb5/libkrb5-3@1.17-3+deb10u5 > openssl/libssl1.1@1.1.1n-0+deb10u3
  and 2 more...
  Image layer: 'apt-get install -y --no-install-recommends binutils ca-certificates curl xz-utils'

✗ Low severity vulnerability found in openssl/libssl1.1
  Description: CVE-2022-4304
  Info: https://security.snyk.io/vuln/SNYK-DEBIAN10-OPENSSL-3314590
  Introduced through: curl/libcurl4@7.64.0-4+deb10u4, openssl@1.1.1n-0+deb10u3, python3-defaults/python3@3.7.3-1
  From: curl/libcurl4@7.64.0-4+deb10u4 > openssl/libssl1.1@1.1.1n-0+deb10u3
  From: openssl@1.1.1n-0+deb10u3 > openssl/libssl1.1@1.1.1n-0+deb10u3
  From: curl/libcurl4@7.64.0-4+deb10u4 > krb5/libgssapi-krb5-2@1.17-3+deb10u5 > krb5/libkrb5-3@1.17-3+deb10u5 > openssl/libssl1.1@1.1.1n-0+deb10u3
  and 2 more...
  Image layer: 'apt-get install -y --no-install-recommends binutils ca-certificates curl xz-utils'

✗ Low severity vulnerability found in openssl/libssl1.1
  Description: CVE-2023-0215
  Info: https://security.snyk.io/vuln/SNYK-DEBIAN10-OPENSSL-3314606
  Introduced through: curl/libcurl4@7.64.0-4+deb10u4, openssl@1.1.1n-0+deb10u3, python3-defaults/python3@3.7.3-1
  From: curl/libcurl4@7.64.0-4+deb10u4 > openssl/libssl1.1@1.1.1n-0+deb10u3
  From: openssl@1.1.1n-0+deb10u3 > openssl/libssl1.1@1.1.1n-0+deb10u3
  From: curl/libcurl4@7.64.0-4+deb10u4 > krb5/libgssapi-krb5-2@1.17-3+deb10u5 > krb5/libkrb5-3@1.17-3+deb10u5 > openssl/libssl1.1@1.1.1n-0+deb10u3
  and 2 more...
  Image layer: 'apt-get install -y --no-install-recommends binutils ca-certificates curl xz-utils'

✗ Low severity vulnerability found in openssl/libssl1.1
  Description: CVE-2022-4450
  Info: https://security.snyk.io/vuln/SNYK-DEBIAN10-OPENSSL-3314607
  Introduced through: curl/libcurl4@7.64.0-4+deb10u4, openssl@1.1.1n-0+deb10u3, python3-defaults/python3@3.7.3-1
  From: curl/libcurl4@7.64.0-4+deb10u4 > openssl/libssl1.1@1.1.1n-0+deb10u3
  From: openssl@1.1.1n-0+deb10u3 > openssl/libssl1.1@1.1.1n-0+deb10u3
  From: curl/libcurl4@7.64.0-4+deb10u4 > krb5/libgssapi-krb5-2@1.17-3+deb10u5 > krb5/libkrb5-3@1.17-3+deb10u5 > openssl/libssl1.1@1.1.1n-0+deb10u3
  and 2 more...
  Image layer: 'apt-get install -y --no-install-recommends binutils ca-certificates curl xz-utils'

✗ Low severity vulnerability found in openssl/libssl1.1
  Description: Cryptographic Issues
  Info: https://security.snyk.io/vuln/SNYK-DEBIAN10-OPENSSL-374709
  Introduced through: curl/libcurl4@7.64.0-4+deb10u4, openssl@1.1.1n-0+deb10u3, python3-defaults/python3@3.7.3-1
  From: curl/libcurl4@7.64.0-4+deb10u4 > openssl/libssl1.1@1.1.1n-0+deb10u3
  From: openssl@1.1.1n-0+deb10u3 > openssl/libssl1.1@1.1.1n-0+deb10u3
  From: curl/libcurl4@7.64.0-4+deb10u4 > krb5/libgssapi-krb5-2@1.17-3+deb10u5 > krb5/libkrb5-3@1.17-3+deb10u5 > openssl/libssl1.1@1.1.1n-0+deb10u3
  and 2 more...
  Image layer: 'apt-get install -y --no-install-recommends binutils ca-certificates curl xz-utils'

✗ Low severity vulnerability found in openssl/libssl1.1
  Description: Cryptographic Issues
  Info: https://security.snyk.io/vuln/SNYK-DEBIAN10-OPENSSL-374996
  Introduced through: curl/libcurl4@7.64.0-4+deb10u4, openssl@1.1.1n-0+deb10u3, python3-defaults/python3@3.7.3-1
  From: curl/libcurl4@7.64.0-4+deb10u4 > openssl/libssl1.1@1.1.1n-0+deb10u3
  From: openssl@1.1.1n-0+deb10u3 > openssl/libssl1.1@1.1.1n-0+deb10u3
  From: curl/libcurl4@7.64.0-4+deb10u4 > krb5/libgssapi-krb5-2@1.17-3+deb10u5 > krb5/libkrb5-3@1.17-3+deb10u5 > openssl/libssl1.1@1.1.1n-0+deb10u3
  and 2 more...
  Image layer: 'apt-get install -y --no-install-recommends binutils ca-certificates curl xz-utils'

✗ Low severity vulnerability found in openldap/libldap-common
  Description: Improper Initialization
  Info: https://security.snyk.io/vuln/SNYK-DEBIAN10-OPENLDAP-304601
  Introduced through: curl/libcurl4@7.64.0-4+deb10u4, openldap/libldap-2.4-2@2.4.47+dfsg-3+deb10u7
  From: curl/libcurl4@7.64.0-4+deb10u4 > openldap/libldap-2.4-2@2.4.47+dfsg-3+deb10u7 > openldap/libldap-common@2.4.47+dfsg-3+deb10u7
  From: openldap/libldap-2.4-2@2.4.47+dfsg-3+deb10u7
  From: curl/libcurl4@7.64.0-4+deb10u4 > openldap/libldap-2.4-2@2.4.47+dfsg-3+deb10u7
  Image layer: 'apt-get install -y --no-install-recommends binutils ca-certificates curl xz-utils'

✗ Low severity vulnerability found in openldap/libldap-common
  Description: Cryptographic Issues
  Info: https://security.snyk.io/vuln/SNYK-DEBIAN10-OPENLDAP-304654
  Introduced through: curl/libcurl4@7.64.0-4+deb10u4, openldap/libldap-2.4-2@2.4.47+dfsg-3+deb10u7
  From: curl/libcurl4@7.64.0-4+deb10u4 > openldap/libldap-2.4-2@2.4.47+dfsg-3+deb10u7 > openldap/libldap-common@2.4.47+dfsg-3+deb10u7
  From: openldap/libldap-2.4-2@2.4.47+dfsg-3+deb10u7
  From: curl/libcurl4@7.64.0-4+deb10u4 > openldap/libldap-2.4-2@2.4.47+dfsg-3+deb10u7
  Image layer: 'apt-get install -y --no-install-recommends binutils ca-certificates curl xz-utils'

✗ Low severity vulnerability found in openldap/libldap-common
  Description: Out-of-Bounds
  Info: https://security.snyk.io/vuln/SNYK-DEBIAN10-OPENLDAP-304666
  Introduced through: curl/libcurl4@7.64.0-4+deb10u4, openldap/libldap-2.4-2@2.4.47+dfsg-3+deb10u7
  From: curl/libcurl4@7.64.0-4+deb10u4 > openldap/libldap-2.4-2@2.4.47+dfsg-3+deb10u7 > openldap/libldap-common@2.4.47+dfsg-3+deb10u7
  From: openldap/libldap-2.4-2@2.4.47+dfsg-3+deb10u7
  From: curl/libcurl4@7.64.0-4+deb10u4 > openldap/libldap-2.4-2@2.4.47+dfsg-3+deb10u7
  Image layer: 'apt-get install -y --no-install-recommends binutils ca-certificates curl xz-utils'

✗ Low severity vulnerability found in openldap/libldap-common
  Description: Improper Certificate Validation
  Info: https://security.snyk.io/vuln/SNYK-DEBIAN10-OPENLDAP-584924
  Introduced through: curl/libcurl4@7.64.0-4+deb10u4, openldap/libldap-2.4-2@2.4.47+dfsg-3+deb10u7
  From: curl/libcurl4@7.64.0-4+deb10u4 > openldap/libldap-2.4-2@2.4.47+dfsg-3+deb10u7 > openldap/libldap-common@2.4.47+dfsg-3+deb10u7
  From: openldap/libldap-2.4-2@2.4.47+dfsg-3+deb10u7
  From: curl/libcurl4@7.64.0-4+deb10u4 > openldap/libldap-2.4-2@2.4.47+dfsg-3+deb10u7
  Image layer: 'apt-get install -y --no-install-recommends binutils ca-certificates curl xz-utils'

✗ Low severity vulnerability found in nghttp2/libnghttp2-14
  Description: Improper Enforcement of Message or Data Structure
  Info: https://security.snyk.io/vuln/SNYK-DEBIAN10-NGHTTP2-1584531
  Introduced through: curl/libcurl4@7.64.0-4+deb10u4
  From: curl/libcurl4@7.64.0-4+deb10u4 > nghttp2/libnghttp2-14@1.36.0-2+deb10u1
  Image layer: 'apt-get install -y --no-install-recommends binutils ca-certificates curl xz-utils'

✗ Low severity vulnerability found in ncurses/libtinfo6
  Description: Out-of-bounds Write
  Info: https://security.snyk.io/vuln/SNYK-DEBIAN10-NCURSES-1655739
  Introduced through: bash@5.0-4, ncurses/ncurses-bin@6.1+20181013-2+deb10u3, procps@2:3.3.15-2, util-linux/fdisk@2.33.1-0.1, util-linux/mount@2.33.1-0.1, python3-defaults/python3@3.7.3-1, ncurses/ncurses-base@6.1+20181013-2+deb10u3
  From: bash@5.0-4 > ncurses/libtinfo6@6.1+20181013-2+deb10u3
  From: ncurses/ncurses-bin@6.1+20181013-2+deb10u3 > ncurses/libtinfo6@6.1+20181013-2+deb10u3
  From: procps@2:3.3.15-2 > ncurses/libtinfo6@6.1+20181013-2+deb10u3
  and 12 more...
  Image layer: 'apt-get install -y --no-install-recommends binutils ca-certificates curl xz-utils'

✗ Low severity vulnerability found in lz4/liblz4-1
  Description: Out-of-bounds Write
  Info: https://security.snyk.io/vuln/SNYK-DEBIAN10-LZ4-473072
  Introduced through: apt@1.8.2.3, procps@2:3.3.15-2
  From: apt@1.8.2.3 > apt/libapt-pkg5.0@1.8.2.3 > lz4/liblz4-1@1.8.3-1+deb10u1
  From: procps@2:3.3.15-2 > procps/libprocps7@2:3.3.15-2 > systemd/libsystemd0@241-7~deb10u8 > lz4/liblz4-1@1.8.3-1+deb10u1
  Image layer: '{ apt-get install -y --no-install-recommends procps'

✗ Low severity vulnerability found in libtasn1-6
  Description: CVE-2018-1000654
  Info: https://security.snyk.io/vuln/SNYK-DEBIAN10-LIBTASN16-339585
  Introduced through: curl/libcurl4@7.64.0-4+deb10u4
  From: curl/libcurl4@7.64.0-4+deb10u4 > openldap/libldap-2.4-2@2.4.47+dfsg-3+deb10u7 > gnutls28/libgnutls30@3.6.7-4+deb10u9 > libtasn1-6@4.13-3+deb10u1
  Image layer: 'apt-get install -y --no-install-recommends binutils ca-certificates curl xz-utils'

✗ Low severity vulnerability found in libssh2/libssh2-1
  Description: Out-of-bounds Read
  Info: https://security.snyk.io/vuln/SNYK-DEBIAN10-LIBSSH2-452460
  Introduced through: curl/libcurl4@7.64.0-4+deb10u4
  From: curl/libcurl4@7.64.0-4+deb10u4 > libssh2/libssh2-1@1.8.0-2.1
  Image layer: 'apt-get install -y --no-install-recommends binutils ca-certificates curl xz-utils'

✗ Low severity vulnerability found in libssh2/libssh2-1
  Description: Integer Overflow or Wraparound
  Info: https://security.snyk.io/vuln/SNYK-DEBIAN10-LIBSSH2-474372
  Introduced through: curl/libcurl4@7.64.0-4+deb10u4
  From: curl/libcurl4@7.64.0-4+deb10u4 > libssh2/libssh2-1@1.8.0-2.1
  Image layer: 'apt-get install -y --no-install-recommends binutils ca-certificates curl xz-utils'

✗ Low severity vulnerability found in libsepol/libsepol1
  Description: Use After Free
  Info: https://security.snyk.io/vuln/SNYK-DEBIAN10-LIBSEPOL-1315628
  Introduced through: libsepol/libsepol1@2.8-1, adduser@3.118
  From: libsepol/libsepol1@2.8-1
  From: adduser@3.118 > shadow/passwd@1:4.5-1.1 > libsemanage/libsemanage1@2.8-2 > libsepol/libsepol1@2.8-1
  Image layer: Introduced by your base image (debian:buster-slim)

✗ Low severity vulnerability found in libsepol/libsepol1
  Description: Out-of-bounds Read
  Info: https://security.snyk.io/vuln/SNYK-DEBIAN10-LIBSEPOL-1315630
  Introduced through: libsepol/libsepol1@2.8-1, adduser@3.118
  From: libsepol/libsepol1@2.8-1
  From: adduser@3.118 > shadow/passwd@1:4.5-1.1 > libsemanage/libsemanage1@2.8-2 > libsepol/libsepol1@2.8-1
  Image layer: Introduced by your base image (debian:buster-slim)

✗ Low severity vulnerability found in libsepol/libsepol1
  Description: Use After Free
  Info: https://security.snyk.io/vuln/SNYK-DEBIAN10-LIBSEPOL-1315636
  Introduced through: libsepol/libsepol1@2.8-1, adduser@3.118
  From: libsepol/libsepol1@2.8-1
  From: adduser@3.118 > shadow/passwd@1:4.5-1.1 > libsemanage/libsemanage1@2.8-2 > libsepol/libsepol1@2.8-1
  Image layer: Introduced by your base image (debian:buster-slim)

✗ Low severity vulnerability found in libsepol/libsepol1
  Description: Use After Free
  Info: https://security.snyk.io/vuln/SNYK-DEBIAN10-LIBSEPOL-1315642
  Introduced through: libsepol/libsepol1@2.8-1, adduser@3.118
  From: libsepol/libsepol1@2.8-1
  From: adduser@3.118 > shadow/passwd@1:4.5-1.1 > libsemanage/libsemanage1@2.8-2 > libsepol/libsepol1@2.8-1
  Image layer: Introduced by your base image (debian:buster-slim)

✗ Low severity vulnerability found in libseccomp/libseccomp2
  Description: CVE-2019-9893
  Info: https://security.snyk.io/vuln/SNYK-DEBIAN10-LIBSECCOMP-341044
  Introduced through: libseccomp/libseccomp2@2.3.3-4, apt@1.8.2.3
  From: libseccomp/libseccomp2@2.3.3-4
  From: apt@1.8.2.3 > libseccomp/libseccomp2@2.3.3-4
  Image layer: Introduced by your base image (debian:buster-slim)

✗ Low severity vulnerability found in libidn2/libidn2-0
  Description: Improper Input Validation
  Info: https://security.snyk.io/vuln/SNYK-DEBIAN10-LIBIDN2-474100
  Introduced through: curl/libcurl4@7.64.0-4+deb10u4
  From: curl/libcurl4@7.64.0-4+deb10u4 > libidn2/libidn2-0@2.0.5-1+deb10u1
  From: curl/libcurl4@7.64.0-4+deb10u4 > libpsl/libpsl5@0.20.2-2 > libidn2/libidn2-0@2.0.5-1+deb10u1
  From: curl/libcurl4@7.64.0-4+deb10u4 > openldap/libldap-2.4-2@2.4.47+dfsg-3+deb10u7 > gnutls28/libgnutls30@3.6.7-4+deb10u9 > libidn2/libidn2-0@2.0.5-1+deb10u1
  Image layer: 'apt-get install -y --no-install-recommends binutils ca-certificates curl xz-utils'

✗ Low severity vulnerability found in libgcrypt20
  Description: Information Exposure
  Info: https://security.snyk.io/vuln/SNYK-DEBIAN10-LIBGCRYPT20-1297893
  Introduced through: apt@1.8.2.3, curl/libcurl4@7.64.0-4+deb10u4, procps@2:3.3.15-2
  From: apt@1.8.2.3 > gnupg2/gpgv@2.2.12-1+deb10u2 > libgcrypt20@1.8.4-5+deb10u1
  From: curl/libcurl4@7.64.0-4+deb10u4 > libssh2/libssh2-1@1.8.0-2.1 > libgcrypt20@1.8.4-5+deb10u1
  From: procps@2:3.3.15-2 > procps/libprocps7@2:3.3.15-2 > systemd/libsystemd0@241-7~deb10u8 > libgcrypt20@1.8.4-5+deb10u1
  Image layer: '{ apt-get install -y --no-install-recommends procps'

✗ Low severity vulnerability found in libgcrypt20
  Description: Use of a Broken or Risky Cryptographic Algorithm
  Info: https://security.snyk.io/vuln/SNYK-DEBIAN10-LIBGCRYPT20-391902
  Introduced through: apt@1.8.2.3, curl/libcurl4@7.64.0-4+deb10u4, procps@2:3.3.15-2
  From: apt@1.8.2.3 > gnupg2/gpgv@2.2.12-1+deb10u2 > libgcrypt20@1.8.4-5+deb10u1
  From: curl/libcurl4@7.64.0-4+deb10u4 > libssh2/libssh2-1@1.8.0-2.1 > libgcrypt20@1.8.4-5+deb10u1
  From: procps@2:3.3.15-2 > procps/libprocps7@2:3.3.15-2 > systemd/libsystemd0@241-7~deb10u8 > libgcrypt20@1.8.4-5+deb10u1
  Image layer: '{ apt-get install -y --no-install-recommends procps'

✗ Low severity vulnerability found in libgcrypt20
  Description: Race Condition
  Info: https://security.snyk.io/vuln/SNYK-DEBIAN10-LIBGCRYPT20-460489
  Introduced through: apt@1.8.2.3, curl/libcurl4@7.64.0-4+deb10u4, procps@2:3.3.15-2
  From: apt@1.8.2.3 > gnupg2/gpgv@2.2.12-1+deb10u2 > libgcrypt20@1.8.4-5+deb10u1
  From: curl/libcurl4@7.64.0-4+deb10u4 > libssh2/libssh2-1@1.8.0-2.1 > libgcrypt20@1.8.4-5+deb10u1
  From: procps@2:3.3.15-2 > procps/libprocps7@2:3.3.15-2 > systemd/libsystemd0@241-7~deb10u8 > libgcrypt20@1.8.4-5+deb10u1
  Image layer: '{ apt-get install -y --no-install-recommends procps'

✗ Low severity vulnerability found in krb5/libkrb5support0
  Description: CVE-2004-0971
  Info: https://security.snyk.io/vuln/SNYK-DEBIAN10-KRB5-395883
  Introduced through: curl/libcurl4@7.64.0-4+deb10u4
  From: curl/libcurl4@7.64.0-4+deb10u4 > krb5/libgssapi-krb5-2@1.17-3+deb10u5 > krb5/libkrb5support0@1.17-3+deb10u5
  From: curl/libcurl4@7.64.0-4+deb10u4 > krb5/libgssapi-krb5-2@1.17-3+deb10u5 > krb5/libk5crypto3@1.17-3+deb10u5 > krb5/libkrb5support0@1.17-3+deb10u5
  From: curl/libcurl4@7.64.0-4+deb10u4 > krb5/libgssapi-krb5-2@1.17-3+deb10u5 > krb5/libkrb5-3@1.17-3+deb10u5 > krb5/libkrb5support0@1.17-3+deb10u5
  and 6 more...
  Image layer: 'apt-get install -y --no-install-recommends binutils ca-certificates curl xz-utils'

✗ Low severity vulnerability found in krb5/libkrb5support0
  Description: Integer Overflow or Wraparound
  Info: https://security.snyk.io/vuln/SNYK-DEBIAN10-KRB5-395955
  Introduced through: curl/libcurl4@7.64.0-4+deb10u4
  From: curl/libcurl4@7.64.0-4+deb10u4 > krb5/libgssapi-krb5-2@1.17-3+deb10u5 > krb5/libkrb5support0@1.17-3+deb10u5
  From: curl/libcurl4@7.64.0-4+deb10u4 > krb5/libgssapi-krb5-2@1.17-3+deb10u5 > krb5/libk5crypto3@1.17-3+deb10u5 > krb5/libkrb5support0@1.17-3+deb10u5
  From: curl/libcurl4@7.64.0-4+deb10u4 > krb5/libgssapi-krb5-2@1.17-3+deb10u5 > krb5/libkrb5-3@1.17-3+deb10u5 > krb5/libkrb5support0@1.17-3+deb10u5
  and 6 more...
  Image layer: 'apt-get install -y --no-install-recommends binutils ca-certificates curl xz-utils'

✗ Low severity vulnerability found in gnutls28/libgnutls30
  Description: Improper Input Validation
  Info: https://security.snyk.io/vuln/SNYK-DEBIAN10-GNUTLS28-340755
  Introduced through: apt@1.8.2.3, curl/libcurl4@7.64.0-4+deb10u4
  From: apt@1.8.2.3 > gnutls28/libgnutls30@3.6.7-4+deb10u9
  From: curl/libcurl4@7.64.0-4+deb10u4 > rtmpdump/librtmp1@2.4+20151223.gitfa8646d.1-2 > gnutls28/libgnutls30@3.6.7-4+deb10u9
  From: curl/libcurl4@7.64.0-4+deb10u4 > openldap/libldap-2.4-2@2.4.47+dfsg-3+deb10u7 > gnutls28/libgnutls30@3.6.7-4+deb10u9
  Image layer: 'apt-get install -y --no-install-recommends binutils ca-certificates curl xz-utils'

✗ Low severity vulnerability found in gnupg2/gpgv
  Description: Use of a Broken or Risky Cryptographic Algorithm
  Info: https://security.snyk.io/vuln/SNYK-DEBIAN10-GNUPG2-535553
  Introduced through: gnupg2/gpgv@2.2.12-1+deb10u2, apt@1.8.2.3
  From: gnupg2/gpgv@2.2.12-1+deb10u2
  From: apt@1.8.2.3 > gnupg2/gpgv@2.2.12-1+deb10u2
  Image layer: Introduced by your base image (debian:buster-slim)

✗ Low severity vulnerability found in glibc/libc-bin
  Description: Uncontrolled Recursion
  Info: https://security.snyk.io/vuln/SNYK-DEBIAN10-GLIBC-338106
  Introduced through: glibc/libc-bin@2.28-10+deb10u2, meta-common-packages@meta
  From: glibc/libc-bin@2.28-10+deb10u2
  From: meta-common-packages@meta > glibc/libc6@2.28-10+deb10u2
  Image layer: Introduced by your base image (debian:buster-slim)

✗ Low severity vulnerability found in glibc/libc-bin
  Description: Uncontrolled Recursion
  Info: https://security.snyk.io/vuln/SNYK-DEBIAN10-GLIBC-338163
  Introduced through: glibc/libc-bin@2.28-10+deb10u2, meta-common-packages@meta
  From: glibc/libc-bin@2.28-10+deb10u2
  From: meta-common-packages@meta > glibc/libc6@2.28-10+deb10u2
  Image layer: Introduced by your base image (debian:buster-slim)

✗ Low severity vulnerability found in glibc/libc-bin
  Description: Resource Management Errors
  Info: https://security.snyk.io/vuln/SNYK-DEBIAN10-GLIBC-356735
  Introduced through: glibc/libc-bin@2.28-10+deb10u2, meta-common-packages@meta
  From: glibc/libc-bin@2.28-10+deb10u2
  From: meta-common-packages@meta > glibc/libc6@2.28-10+deb10u2
  Image layer: Introduced by your base image (debian:buster-slim)

✗ Low severity vulnerability found in glibc/libc-bin
  Description: Out-of-Bounds
  Info: https://security.snyk.io/vuln/SNYK-DEBIAN10-GLIBC-452228
  Introduced through: glibc/libc-bin@2.28-10+deb10u2, meta-common-packages@meta
  From: glibc/libc-bin@2.28-10+deb10u2
  From: meta-common-packages@meta > glibc/libc6@2.28-10+deb10u2
  Image layer: Introduced by your base image (debian:buster-slim)

✗ Low severity vulnerability found in glibc/libc-bin
  Description: CVE-2019-1010023
  Info: https://security.snyk.io/vuln/SNYK-DEBIAN10-GLIBC-452267
  Introduced through: glibc/libc-bin@2.28-10+deb10u2, meta-common-packages@meta
  From: glibc/libc-bin@2.28-10+deb10u2
  From: meta-common-packages@meta > glibc/libc6@2.28-10+deb10u2
  Image layer: Introduced by your base image (debian:buster-slim)

✗ Low severity vulnerability found in glibc/libc-bin
  Description: Use of Insufficiently Random Values
  Info: https://security.snyk.io/vuln/SNYK-DEBIAN10-GLIBC-453375
  Introduced through: glibc/libc-bin@2.28-10+deb10u2, meta-common-packages@meta
  From: glibc/libc-bin@2.28-10+deb10u2
  From: meta-common-packages@meta > glibc/libc6@2.28-10+deb10u2
  Image layer: Introduced by your base image (debian:buster-slim)

✗ Low severity vulnerability found in glibc/libc-bin
  Description: Information Exposure
  Info: https://security.snyk.io/vuln/SNYK-DEBIAN10-GLIBC-453640
  Introduced through: glibc/libc-bin@2.28-10+deb10u2, meta-common-packages@meta
  From: glibc/libc-bin@2.28-10+deb10u2
  From: meta-common-packages@meta > glibc/libc6@2.28-10+deb10u2
  Image layer: Introduced by your base image (debian:buster-slim)

✗ Low severity vulnerability found in gcc-8/libstdc++6
  Description: Insufficient Entropy
  Info: https://security.snyk.io/vuln/SNYK-DEBIAN10-GCC8-469413
  Introduced through: gcc-8/libstdc++6@8.3.0-6, apt@1.8.2.3, meta-common-packages@meta
  From: gcc-8/libstdc++6@8.3.0-6
  From: apt@1.8.2.3 > gcc-8/libstdc++6@8.3.0-6
  From: apt@1.8.2.3 > apt/libapt-pkg5.0@1.8.2.3 > gcc-8/libstdc++6@8.3.0-6
  and 2 more...
  Image layer: Introduced by your base image (debian:buster-slim)

✗ Low severity vulnerability found in expat/libexpat1
  Description: XML External Entity (XXE) Injection
  Info: https://security.snyk.io/vuln/SNYK-DEBIAN10-EXPAT-358079
  Introduced through: python3-defaults/python3@3.7.3-1
  From: python3-defaults/python3@3.7.3-1 > python3.7@3.7.3-2+deb10u4 > python3.7/python3.7-minimal@3.7.3-2+deb10u4 > expat/libexpat1@2.2.6-2+deb10u6
  Image layer: Introduced by your base image (debian:buster-slim)

✗ Low severity vulnerability found in e2fsprogs/libcom-err2
  Description: Out-of-bounds Read
  Info: https://security.snyk.io/vuln/SNYK-DEBIAN10-E2FSPROGS-2628482
  Introduced through: curl/libcurl4@7.64.0-4+deb10u4, e2fsprogs@1.44.5-1+deb10u3, e2fsprogs/libext2fs2@1.44.5-1+deb10u3, e2fsprogs/libss2@1.44.5-1+deb10u3
  From: curl/libcurl4@7.64.0-4+deb10u4 > e2fsprogs/libcom-err2@1.44.5-1+deb10u3
  From: e2fsprogs@1.44.5-1+deb10u3 > e2fsprogs/libcom-err2@1.44.5-1+deb10u3
  From: curl/libcurl4@7.64.0-4+deb10u4 > krb5/libgssapi-krb5-2@1.17-3+deb10u5 > e2fsprogs/libcom-err2@1.44.5-1+deb10u3
  and 7 more...
  Image layer: 'apt-get install -y --no-install-recommends binutils ca-certificates curl xz-utils'

✗ Low severity vulnerability found in db5.3/libdb5.3
  Description: Out-of-bounds Read
  Info: https://security.snyk.io/vuln/SNYK-DEBIAN10-DB53-2825169
  Introduced through: adduser@3.118, python3-defaults/python3@3.7.3-1, curl/libcurl4@7.64.0-4+deb10u4
  From: adduser@3.118 > shadow/passwd@1:4.5-1.1 > pam/libpam-modules@1.3.1-5 > db5.3/libdb5.3@5.3.28+dfsg1-0.5
  From: python3-defaults/python3@3.7.3-1 > python3.7@3.7.3-2+deb10u4 > python3.7/libpython3.7-stdlib@3.7.3-2+deb10u4 > db5.3/libdb5.3@5.3.28+dfsg1-0.5
  From: curl/libcurl4@7.64.0-4+deb10u4 > openldap/libldap-2.4-2@2.4.47+dfsg-3+deb10u7 > cyrus-sasl2/libsasl2-2@2.1.27+dfsg-1+deb10u2 > cyrus-sasl2/libsasl2-modules-db@2.1.27+dfsg-1+deb10u2 > db5.3/libdb5.3@5.3.28+dfsg1-0.5
  Image layer: 'apt-get install -y --no-install-recommends binutils ca-certificates curl xz-utils'

✗ Low severity vulnerability found in curl/libcurl4
  Description: Improper Validation of Integrity Check Value
  Info: https://security.snyk.io/vuln/SNYK-DEBIAN10-CURL-1322655
  Introduced through: curl/libcurl4@7.64.0-4+deb10u4
  From: curl/libcurl4@7.64.0-4+deb10u4
  Image layer: 'apt-get install -y --no-install-recommends binutils ca-certificates curl xz-utils'

✗ Low severity vulnerability found in curl/libcurl4
  Description: Insufficiently Protected Credentials
  Info: https://security.snyk.io/vuln/SNYK-DEBIAN10-CURL-1322666
  Introduced through: curl/libcurl4@7.64.0-4+deb10u4
  From: curl/libcurl4@7.64.0-4+deb10u4
  Image layer: 'apt-get install -y --no-install-recommends binutils ca-certificates curl xz-utils'

✗ Low severity vulnerability found in coreutils
  Description: Improper Input Validation
  Info: https://security.snyk.io/vuln/SNYK-DEBIAN10-COREUTILS-317465
  Introduced through: coreutils@8.30-3
  From: coreutils@8.30-3
  Image layer: Introduced by your base image (debian:buster-slim)

✗ Low severity vulnerability found in coreutils
  Description: Race Condition
  Info: https://security.snyk.io/vuln/SNYK-DEBIAN10-COREUTILS-317494
  Introduced through: coreutils@8.30-3
  From: coreutils@8.30-3
  Image layer: Introduced by your base image (debian:buster-slim)

✗ Low severity vulnerability found in bash
  Description: Out-of-bounds Write
  Info: https://security.snyk.io/vuln/SNYK-DEBIAN10-BASH-3112363
  Introduced through: bash@5.0-4
  From: bash@5.0-4
  Image layer: Introduced by your base image (debian:buster-slim)

✗ Low severity vulnerability found in bash
  Description: Improper Check for Dropped Privileges
  Info: https://security.snyk.io/vuln/SNYK-DEBIAN10-BASH-536280
  Introduced through: bash@5.0-4
  From: bash@5.0-4
  Image layer: Introduced by your base image (debian:buster-slim)

✗ Low severity vulnerability found in apt/libapt-pkg5.0
  Description: Improper Verification of Cryptographic Signature
  Info: https://security.snyk.io/vuln/SNYK-DEBIAN10-APT-407502
  Introduced through: apt/libapt-pkg5.0@1.8.2.3, apt@1.8.2.3
  From: apt/libapt-pkg5.0@1.8.2.3
  From: apt@1.8.2.3 > apt/libapt-pkg5.0@1.8.2.3
  From: apt@1.8.2.3
  Image layer: Introduced by your base image (debian:buster-slim)

✗ Medium severity vulnerability found in systemd/libsystemd0
  Description: CVE-2022-4415
  Info: https://security.snyk.io/vuln/SNYK-DEBIAN10-SYSTEMD-3177744
  Introduced through: util-linux/bsdutils@1:2.33.1-0.1, apt@1.8.2.3, util-linux/mount@2.33.1-0.1, procps@2:3.3.15-2, systemd/libudev1@241-7~deb10u8
  From: util-linux/bsdutils@1:2.33.1-0.1 > systemd/libsystemd0@241-7~deb10u8
  From: apt@1.8.2.3 > apt/libapt-pkg5.0@1.8.2.3 > systemd/libsystemd0@241-7~deb10u8
  From: util-linux/mount@2.33.1-0.1 > util-linux@2.33.1-0.1 > systemd/libsystemd0@241-7~deb10u8
  and 4 more...
  Image layer: 'apt-get install -y --no-install-recommends binutils ca-certificates curl xz-utils'

✗ Medium severity vulnerability found in python3.7/libpython3.7-stdlib
  Description: HTTP Request Smuggling
  Info: https://security.snyk.io/vuln/SNYK-DEBIAN10-PYTHON37-1075120
  Introduced through: python3-defaults/python3@3.7.3-1
  From: python3-defaults/python3@3.7.3-1 > python3-defaults/libpython3-stdlib@3.7.3-1 > python3.7/libpython3.7-stdlib@3.7.3-2+deb10u4
  From: python3-defaults/python3@3.7.3-1 > python3.7@3.7.3-2+deb10u4 > python3.7/libpython3.7-stdlib@3.7.3-2+deb10u4
  From: python3-defaults/python3@3.7.3-1 > python3-defaults/python3-minimal@3.7.3-1 > python3.7/python3.7-minimal@3.7.3-2+deb10u4
  and 4 more...
  Image layer: Introduced by your base image (debian:buster-slim)

✗ High severity vulnerability found in glibc/libc-bin
  Description: Out-of-bounds Write
  Info: https://security.snyk.io/vuln/SNYK-DEBIAN10-GLIBC-559488
  Introduced through: glibc/libc-bin@2.28-10+deb10u2, meta-common-packages@meta
  From: glibc/libc-bin@2.28-10+deb10u2
  From: meta-common-packages@meta > glibc/libc6@2.28-10+deb10u2
  Image layer: Introduced by your base image (debian:buster-slim)

✗ High severity vulnerability found in gcc-8/libstdc++6
  Description: Information Exposure
  Info: https://security.snyk.io/vuln/SNYK-DEBIAN10-GCC8-347558
  Introduced through: gcc-8/libstdc++6@8.3.0-6, apt@1.8.2.3, meta-common-packages@meta
  From: gcc-8/libstdc++6@8.3.0-6
  From: apt@1.8.2.3 > gcc-8/libstdc++6@8.3.0-6
  From: apt@1.8.2.3 > apt/libapt-pkg5.0@1.8.2.3 > gcc-8/libstdc++6@8.3.0-6
  and 2 more...
  Image layer: Introduced by your base image (debian:buster-slim)



Organization:      aerospike-server-core
Package manager:   deb
Target file:       enterprise/debian10/Dockerfile
Project name:      docker-image|aerospike/aerospike-server-enterprise-amd64
Docker image:      aerospike/aerospike-server-enterprise-amd64:5.7.0.27
Platform:          linux/amd64
Base image:        debian:buster-slim
Licenses:          enabled

Tested 121 dependencies for known issues, found 100 issues.

Base Image          Vulnerabilities  Severity
debian:buster-slim  58               0 critical, 2 high, 1 medium, 55 low

Recommendations for base image upgrade:

Major upgrades
Base Image                     Vulnerabilities  Severity
debian:bullseye-20230208-slim  43               0 critical, 0 high, 0 medium, 43 low


Pro tip: use `--exclude-base-image-vulns` to exclude from display Docker base image vulnerabilities.

To remove this message in the future, please run `snyk config set disableSuggestions=true`

Learn more: https://docs.snyk.io/products/snyk-container/getting-around-the-snyk-container-ui/base-image-detection


